<?xml version="1.0" encoding="UTF-8"?>
<!-- Generated by org.testng.reporters.JUnitXMLReporter -->
<testsuite ignored="0" hostname="DESKTOP-424KU7A" failures="1" tests="2" name="parallelTestingSuite" time="83.06" errors="0" timestamp="2024-01-05T17:22:34 IST">
  <testcase classname="TestNG.ParameterTest" name="testLogo" time="0.483">
    <failure type="java.lang.AssertionError" message="expected [true] but found [false]">
      <![CDATA[java.lang.AssertionError: expected [true] but found [false]
at TestNG.ParameterTest.testLogo(ParameterTest.java:44)
at java.base/java.util.ArrayList.forEach(ArrayList.java:1511)
... Removed 33 stack frames]]>
    </failure>
  </testcase> <!-- testLogo -->
  <testcase classname="TestNG.ParameterTest" name="testHomePageTitle" time="0.014"/>
</testsuite> <!-- parallelTestingSuite -->
