<?xml version="1.0" encoding="UTF-8"?>
<!-- Generated by org.testng.reporters.JUnitXMLReporter -->
<testsuite ignored="1" hostname="DESKTOP-424KU7A" failures="2" tests="2" name="OpenCart_Edge_Test" time="89.26" errors="0" timestamp="2024-01-07T16:59:45 IST">
  <testcase classname="testCases.TC_001_AccountRegistationTest" name="test_account_Registation" time="14.479">
    <failure type="java.lang.AssertionError" message="null">
      <![CDATA[java.lang.AssertionError: null
at testCases.TC_001_AccountRegistationTest.test_account_Registation(TC_001_AccountRegistationTest.java:42)
at java.base/java.util.ArrayList.forEach(ArrayList.java:1511)
... Removed 29 stack frames]]>
    </failure>
  </testcase> <!-- test_account_Registation -->
  <testcase classname="testCases.TC_002_LoginTest" name="Verify_login" time="15.257">
    <failure type="java.lang.AssertionError" message="null">
      <![CDATA[java.lang.AssertionError: null
at testCases.TC_002_LoginTest.Verify_login(TC_002_LoginTest.java:44)
at java.base/java.util.ArrayList.forEach(ArrayList.java:1511)
... Removed 29 stack frames]]>
    </failure>
  </testcase> <!-- Verify_login -->
  <testcase classname="testCases.TC_003_LoginDDTTest" name="Verify_LoginDDT" time="0.0">
    <ignored/>
  </testcase> <!-- Verify_LoginDDT -->
</testsuite> <!-- OpenCart_Edge_Test -->
